#
# There is insufficient memory for the Java Runtime Environment to continue.
# Native memory allocation (mmap) failed to map 134217728 bytes for committing reserved memory.
# Possible reasons:
#   The system is out of physical RAM or swap space
#   In 32 bit mode, the process size limit was hit
# Possible solutions:
#   Reduce memory load on the system
#   Increase physical memory or swap space
#   Check if swap backing store is full
#   Use 64 bit Java on a 64 bit OS
#   Decrease Java heap size (-Xmx/-Xms)
#   Decrease number of Java threads
#   Decrease Java thread stack sizes (-Xss)
#   Set larger code cache with -XX:ReservedCodeCacheSize=
# This output file may be truncated or incomplete.
#
#  Out of Memory Error (os_linux.cpp:2640), pid=10977, tid=0x00007f40fa923700
#
# JRE version: Java(TM) SE Runtime Environment (8.0_131-b11) (build 1.8.0_131-b11)
# Java VM: Java HotSpot(TM) 64-Bit Server VM (25.131-b11 mixed mode linux-amd64 compressed oops)
# Failed to write core dump. Core dumps have been disabled. To enable core dumping, try "ulimit -c unlimited" before starting Java again
#

---------------  T H R E A D  ---------------

Current thread (0x00007f4118080000):  VMThread [stack: 0x00007f40fa823000,0x00007f40fa924000] [id=10998]

Stack: [0x00007f40fa823000,0x00007f40fa924000],  sp=0x00007f40fa9222a0,  free space=1020k
Native frames: (J=compiled Java code, j=interpreted, Vv=VM code, C=native code)
V  [libjvm.so+0xac826a]  VMError::report_and_die()+0x2ba
V  [libjvm.so+0x4fd4cb]  report_vm_out_of_memory(char const*, int, unsigned long, VMErrorType, char const*)+0x8b
V  [libjvm.so+0x924f53]  os::Linux::commit_memory_impl(char*, unsigned long, bool)+0x103
V  [libjvm.so+0x9254a9]  os::pd_commit_memory(char*, unsigned long, unsigned long, bool)+0x29
V  [libjvm.so+0x91f6ca]  os::commit_memory(char*, unsigned long, unsigned long, bool)+0x2a
V  [libjvm.so+0x9941e3]  PSVirtualSpace::expand_by(unsigned long)+0x53
V  [libjvm.so+0x9955e8]  PSYoungGen::resize_generation(unsigned long, unsigned long)+0xf8
V  [libjvm.so+0x994742]  PSYoungGen::resize(unsigned long, unsigned long)+0x22
V  [libjvm.so+0x991a1b]  PSScavenge::invoke_no_policy()+0xf3b
V  [libjvm.so+0x9921a1]  PSScavenge::invoke()+0x41
V  [libjvm.so+0x948f00]  ParallelScavengeHeap::failed_mem_allocate(unsigned long)+0x70
V  [libjvm.so+0xac9c87]  VM_ParallelGCFailedAllocation::doit()+0x97
V  [libjvm.so+0xad1765]  VM_Operation::evaluate()+0x55
V  [libjvm.so+0xacfb3a]  VMThread::evaluate_operation(VM_Operation*)+0xba
V  [libjvm.so+0xacfebe]  VMThread::loop()+0x1ce
V  [libjvm.so+0xad0330]  VMThread::run()+0x70
V  [libjvm.so+0x927568]  java_start(Thread*)+0x108

VM_Operation (0x00007f4120623460): ParallelGCFailedAllocation, mode: safepoint, requested by thread 0x00007f411800a000


---------------  P R O C E S S  ---------------

Java Threads: ( => current thread )
  0x00007f41180e5800 JavaThread "Service Thread" daemon [_thread_blocked, id=11006, stack(0x00007f40f9d42000,0x00007f40f9e43000)]
  0x00007f41180c8000 JavaThread "C1 CompilerThread3" daemon [_thread_blocked, id=11005, stack(0x00007f40f9e43000,0x00007f40f9f44000)]
  0x00007f41180c6000 JavaThread "C2 CompilerThread2" daemon [_thread_in_native, id=11004, stack(0x00007f40f9f44000,0x00007f40fa045000)]
  0x00007f41180c4800 JavaThread "C2 CompilerThread1" daemon [_thread_blocked, id=11003, stack(0x00007f40fa045000,0x00007f40fa146000)]
  0x00007f41180c1800 JavaThread "C2 CompilerThread0" daemon [_thread_blocked, id=11002, stack(0x00007f40fa146000,0x00007f40fa247000)]
  0x00007f41180c0000 JavaThread "Signal Dispatcher" daemon [_thread_blocked, id=11001, stack(0x00007f40fa247000,0x00007f40fa348000)]
  0x00007f411808c000 JavaThread "Finalizer" daemon [_thread_blocked, id=11000, stack(0x00007f40fa621000,0x00007f40fa722000)]
  0x00007f4118087800 JavaThread "Reference Handler" daemon [_thread_blocked, id=10999, stack(0x00007f40fa722000,0x00007f40fa823000)]
  0x00007f411800a000 JavaThread "main" [_thread_blocked, id=10989, stack(0x00007f4120526000,0x00007f4120627000)]

Other Threads:
=>0x00007f4118080000 VMThread [stack: 0x00007f40fa823000,0x00007f40fa924000] [id=10998]
  0x00007f41180f0000 WatcherThread [stack: 0x00007f40f9c41000,0x00007f40f9d42000] [id=11007]

VM state:at safepoint (normal execution)

VM Mutex/Monitor currently owned by a thread:  ([mutex/lock_event])
[0x00007f4118006280] Threads_lock - owner thread: 0x00007f4118080000
[0x00007f4118006780] Heap_lock - owner thread: 0x00007f411800a000

Heap:
 PSYoungGen      total 141824K, used 10736K [0x00000000d5580000, 0x00000000dea80000, 0x0000000100000000)
  eden space 131072K, 0% used [0x00000000d5580000,0x00000000d5580000,0x00000000dd580000)
  from space 10752K, 99% used [0x00000000dd580000,0x00000000ddffc010,0x00000000de000000)
  to   space 10752K, 0% used [0x00000000de000000,0x00000000de000000,0x00000000dea80000)
 ParOldGen       total 175104K, used 4138K [0x0000000080000000, 0x000000008ab00000, 0x00000000d5580000)
  object space 175104K, 2% used [0x0000000080000000,0x000000008040a968,0x000000008ab00000)
 Metaspace       used 19781K, capacity 20266K, committed 20480K, reserved 1067008K
  class space    used 2349K, capacity 2531K, committed 2560K, reserved 1048576K

Card table byte_map: [0x00007f411cecf000,0x00007f411d2d0000] byte_map_base: 0x00007f411cacf000

Marking Bits: (ParMarkBitMap*) 0x00007f411f9fbf60
 Begin Bits: [0x00007f4100000000, 0x00007f4102000000)
 End Bits:   [0x00007f4102000000, 0x00007f4104000000)

Polling page: 0x00007f412064c000

CodeCache: size=245760Kb used=12037Kb max_used=12048Kb free=233722Kb
 bounds [0x00007f4109000000, 0x00007f4109bd0000, 0x00007f4118000000]
 total_blobs=3801 nmethods=3452 adapters=262
 compilation: enabled

Compilation events (10 events):
Event: 3.480 Thread 0x00007f41180c4800 nmethod 3457 0x00007f4109bbfc50 code [0x00007f4109bbfdc0, 0x00007f4109bbffd8]
Event: 3.480 Thread 0x00007f41180c4800 3454       4       sun.nio.cs.StreamDecoder::implRead (243 bytes)
Event: 3.483 Thread 0x00007f41180c8000 3474       2       org.apache.maven.model.merge.ModelMerger::mergeBuildBase_TestResources (191 bytes)
Event: 3.485 Thread 0x00007f41180c8000 nmethod 3474 0x00007f4109bbe790 code [0x00007f4109bbea20, 0x00007f4109bbf348]
Event: 3.485 Thread 0x00007f41180c8000 3475       2       org.apache.maven.model.merge.ModelMerger::mergeParent_GroupId (41 bytes)
Event: 3.486 Thread 0x00007f41180c8000 nmethod 3475 0x00007f4109bbe0d0 code [0x00007f4109bbe260, 0x00007f4109bbe578]
Event: 3.486 Thread 0x00007f41180c8000 3476       2       org.apache.maven.model.merge.ModelMerger::mergeParent_ArtifactId (41 bytes)
Event: 3.486 Thread 0x00007f41180c8000 nmethod 3476 0x00007f4109bbda10 code [0x00007f4109bbdba0, 0x00007f4109bbdeb8]
Event: 3.490 Thread 0x00007f41180c8000 3477       2       org.apache.maven.model.merge.ModelMerger::mergeOrganization_Url (41 bytes)
Event: 3.492 Thread 0x00007f41180c8000 nmethod 3477 0x00007f4109bc2910 code [0x00007f4109bc2aa0, 0x00007f4109bc2db8]

GC Heap History (5 events):
Event: 1.020 GC heap before
{Heap before GC invocations=1 (full 0):
 PSYoungGen      total 76288K, used 65536K [0x00000000d5580000, 0x00000000daa80000, 0x0000000100000000)
  eden space 65536K, 100% used [0x00000000d5580000,0x00000000d9580000,0x00000000d9580000)
  from space 10752K, 0% used [0x00000000da000000,0x00000000da000000,0x00000000daa80000)
  to   space 10752K, 0% used [0x00000000d9580000,0x00000000d9580000,0x00000000da000000)
 ParOldGen       total 175104K, used 0K [0x0000000080000000, 0x000000008ab00000, 0x00000000d5580000)
  object space 175104K, 0% used [0x0000000080000000,0x0000000080000000,0x000000008ab00000)
 Metaspace       used 12157K, capacity 12296K, committed 12416K, reserved 1060864K
  class space    used 1529K, capacity 1604K, committed 1664K, reserved 1048576K
Event: 1.034 GC heap after
Heap after GC invocations=1 (full 0):
 PSYoungGen      total 76288K, used 10447K [0x00000000d5580000, 0x00000000dea80000, 0x0000000100000000)
  eden space 65536K, 0% used [0x00000000d5580000,0x00000000d5580000,0x00000000d9580000)
  from space 10752K, 97% used [0x00000000d9580000,0x00000000d9fb3e58,0x00000000da000000)
  to   space 10752K, 0% used [0x00000000de000000,0x00000000de000000,0x00000000dea80000)
 ParOldGen       total 175104K, used 16K [0x0000000080000000, 0x000000008ab00000, 0x00000000d5580000)
  object space 175104K, 0% used [0x0000000080000000,0x0000000080004000,0x000000008ab00000)
 Metaspace       used 12157K, capacity 12296K, committed 12416K, reserved 1060864K
  class space    used 1529K, capacity 1604K, committed 1664K, reserved 1048576K
}
Event: 2.027 GC heap before
{Heap before GC invocations=2 (full 0):
 PSYoungGen      total 76288K, used 75983K [0x00000000d5580000, 0x00000000dea80000, 0x0000000100000000)
  eden space 65536K, 100% used [0x00000000d5580000,0x00000000d9580000,0x00000000d9580000)
  from space 10752K, 97% used [0x00000000d9580000,0x00000000d9fb3e58,0x00000000da000000)
  to   space 10752K, 0% used [0x00000000de000000,0x00000000de000000,0x00000000dea80000)
 ParOldGen       total 175104K, used 16K [0x0000000080000000, 0x000000008ab00000, 0x00000000d5580000)
  object space 175104K, 0% used [0x0000000080000000,0x0000000080004000,0x000000008ab00000)
 Metaspace       used 16679K, capacity 17000K, committed 17280K, reserved 1064960K
  class space    used 2011K, capacity 2110K, committed 2176K, reserved 1048576K
Event: 2.141 GC heap after
Heap after GC invocations=2 (full 0):
 PSYoungGen      total 141824K, used 7985K [0x00000000d5580000, 0x00000000dea80000, 0x0000000100000000)
  eden space 131072K, 0% used [0x00000000d5580000,0x00000000d5580000,0x00000000dd580000)
  from space 10752K, 74% used [0x00000000de000000,0x00000000de7cc5e0,0x00000000dea80000)
  to   space 10752K, 0% used [0x00000000dd580000,0x00000000dd580000,0x00000000de000000)
 ParOldGen       total 175104K, used 24K [0x0000000080000000, 0x000000008ab00000, 0x00000000d5580000)
  object space 175104K, 0% used [0x0000000080000000,0x0000000080006000,0x000000008ab00000)
 Metaspace       used 16679K, capacity 17000K, committed 17280K, reserved 1064960K
  class space    used 2011K, capacity 2110K, committed 2176K, reserved 1048576K
}
Event: 3.494 GC heap before
{Heap before GC invocations=3 (full 0):
 PSYoungGen      total 141824K, used 139057K [0x00000000d5580000, 0x00000000dea80000, 0x0000000100000000)
  eden space 131072K, 100% used [0x00000000d5580000,0x00000000dd580000,0x00000000dd580000)
  from space 10752K, 74% used [0x00000000de000000,0x00000000de7cc5e0,0x00000000dea80000)
  to   space 10752K, 0% used [0x00000000dd580000,0x00000000dd580000,0x00000000de000000)
 ParOldGen       total 175104K, used 24K [0x0000000080000000, 0x000000008ab00000, 0x00000000d5580000)
  object space 175104K, 0% used [0x0000000080000000,0x0000000080006000,0x000000008ab00000)
 Metaspace       used 19781K, capacity 20266K, committed 20480K, reserved 1067008K
  class space    used 2349K, capacity 2531K, committed 2560K, reserved 1048576K

Deoptimization events (10 events):
Event: 2.798 Thread 0x00007f411800a000 Uncommon trap: reason=class_check action=maybe_recompile pc=0x00007f41098a1674 method=java.util.regex.Pattern$CharProperty$1.isSatisfiedBy(I)Z @ 5
Event: 2.798 Thread 0x00007f411800a000 Uncommon trap: reason=class_check action=maybe_recompile pc=0x00007f41098a1674 method=java.util.regex.Pattern$CharProperty$1.isSatisfiedBy(I)Z @ 5
Event: 2.798 Thread 0x00007f411800a000 Uncommon trap: reason=class_check action=maybe_recompile pc=0x00007f41098a1674 method=java.util.regex.Pattern$CharProperty$1.isSatisfiedBy(I)Z @ 5
Event: 2.965 Thread 0x00007f411800a000 Uncommon trap: reason=speculate_class_check action=maybe_recompile pc=0x00007f410985fd2c method=java.nio.charset.CharsetDecoder.decode(Ljava/nio/ByteBuffer;Ljava/nio/CharBuffer;Z)Ljava/nio/charset/CoderResult; @ 57
Event: 2.966 Thread 0x00007f411800a000 Uncommon trap: reason=speculate_class_check action=maybe_recompile pc=0x00007f410985fd2c method=java.nio.charset.CharsetDecoder.decode(Ljava/nio/ByteBuffer;Ljava/nio/CharBuffer;Z)Ljava/nio/charset/CoderResult; @ 57
Event: 2.966 Thread 0x00007f411800a000 Uncommon trap: reason=speculate_class_check action=maybe_recompile pc=0x00007f410985fd2c method=java.nio.charset.CharsetDecoder.decode(Ljava/nio/ByteBuffer;Ljava/nio/CharBuffer;Z)Ljava/nio/charset/CoderResult; @ 57
Event: 2.967 Thread 0x00007f411800a000 Uncommon trap: reason=speculate_class_check action=maybe_recompile pc=0x00007f410985fd2c method=java.nio.charset.CharsetDecoder.decode(Ljava/nio/ByteBuffer;Ljava/nio/CharBuffer;Z)Ljava/nio/charset/CoderResult; @ 57
Event: 2.967 Thread 0x00007f411800a000 Uncommon trap: reason=speculate_class_check action=maybe_recompile pc=0x00007f4109866ca0 method=java.nio.charset.CharsetDecoder.decode(Ljava/nio/ByteBuffer;Ljava/nio/CharBuffer;Z)Ljava/nio/charset/CoderResult; @ 57
Event: 2.968 Thread 0x00007f411800a000 Uncommon trap: reason=speculate_class_check action=maybe_recompile pc=0x00007f4109866ca0 method=java.nio.charset.CharsetDecoder.decode(Ljava/nio/ByteBuffer;Ljava/nio/CharBuffer;Z)Ljava/nio/charset/CoderResult; @ 57
Event: 3.019 Thread 0x00007f411800a000 Uncommon trap: reason=unstable_if action=reinterpret pc=0x00007f41098a4660 method=java.util.HashMap.getNode(ILjava/lang/Object;)Ljava/util/HashMap$Node; @ 53

Internal exceptions (10 events):
Event: 1.590 Thread 0x00007f411800a000 Exception <a 'java/lang/NullPointerException'> (0x00000000d75a2308) thrown at [/HUDSON/workspace/8-2-build-linux-amd64/jdk8u131/8869/hotspot/src/share/vm/interpreter/linkResolver.cpp, line 1197]
Event: 1.590 Thread 0x00007f411800a000 Exception <a 'java/lang/NullPointerException'> (0x00000000d75a2520) thrown at [/HUDSON/workspace/8-2-build-linux-amd64/jdk8u131/8869/hotspot/src/share/vm/interpreter/linkResolver.cpp, line 1197]
Event: 1.590 Thread 0x00007f411800a000 Exception <a 'java/lang/NullPointerException'> (0x00000000d75a2738) thrown at [/HUDSON/workspace/8-2-build-linux-amd64/jdk8u131/8869/hotspot/src/share/vm/interpreter/linkResolver.cpp, line 1197]
Event: 1.591 Thread 0x00007f411800a000 Exception <a 'java/lang/NullPointerException'> (0x00000000d75aaee8) thrown at [/HUDSON/workspace/8-2-build-linux-amd64/jdk8u131/8869/hotspot/src/share/vm/interpreter/linkResolver.cpp, line 1197]
Event: 1.591 Thread 0x00007f411800a000 Exception <a 'java/lang/NullPointerException'> (0x00000000d75ab100) thrown at [/HUDSON/workspace/8-2-build-linux-amd64/jdk8u131/8869/hotspot/src/share/vm/interpreter/linkResolver.cpp, line 1197]
Event: 1.591 Thread 0x00007f411800a000 Exception <a 'java/lang/NullPointerException'> (0x00000000d75ab318) thrown at [/HUDSON/workspace/8-2-build-linux-amd64/jdk8u131/8869/hotspot/src/share/vm/interpreter/linkResolver.cpp, line 1197]
Event: 1.755 Thread 0x00007f411800a000 Implicit null exception at 0x00007f41096b15fb to 0x00007f41096b1fa1
Event: 2.620 Thread 0x00007f411800a000 Exception <a 'java/lang/NoClassDefFoundError': org/sonatype/aether/graph/Dependency> (0x00000000d8621890) thrown at [/HUDSON/workspace/8-2-build-linux-amd64/jdk8u131/8869/hotspot/src/share/vm/classfile/systemDictionary.cpp, line 199]
Event: 2.721 Thread 0x00007f411800a000 Implicit null exception at 0x00007f41092dbef5 to 0x00007f41092dc0fd
Event: 2.721 Thread 0x00007f411800a000 Implicit null exception at 0x00007f410931beef to 0x00007f410931bf59

Events (10 events):
Event: 3.457 Thread 0x00007f411800a000 DEOPT UNPACKING pc=0x00007f4109047633 sp=0x00007f4120622758 mode 0
Event: 3.458 Thread 0x00007f411800a000 DEOPT PACKING pc=0x00007f4109ab5b44 sp=0x00007f4120622860
Event: 3.458 Thread 0x00007f411800a000 DEOPT UNPACKING pc=0x00007f4109047633 sp=0x00007f4120622698 mode 0
Event: 3.458 Thread 0x00007f411800a000 DEOPT PACKING pc=0x00007f4109ab5b44 sp=0x00007f41206229f0
Event: 3.458 Thread 0x00007f411800a000 DEOPT UNPACKING pc=0x00007f4109047633 sp=0x00007f4120622828 mode 0
Event: 3.458 Thread 0x00007f411800a000 DEOPT PACKING pc=0x00007f4109ab5b44 sp=0x00007f41206228f0
Event: 3.458 Thread 0x00007f411800a000 DEOPT UNPACKING pc=0x00007f4109047633 sp=0x00007f4120622728 mode 0
Event: 3.474 Thread 0x00007f411800a000 DEOPT PACKING pc=0x00007f4109a4afc5 sp=0x00007f4120622f60
Event: 3.474 Thread 0x00007f411800a000 DEOPT UNPACKING pc=0x00007f4109047633 sp=0x00007f4120622cb0 mode 0
Event: 3.494 Executing VM operation: ParallelGCFailedAllocation


Dynamic libraries:
00400000-00401000 r-xp 00000000 08:05 8660404                            /usr/lib/jvm/java-8-oracle/bin/java
00600000-00601000 rw-p 00000000 08:05 8660404                            /usr/lib/jvm/java-8-oracle/bin/java
01696000-016b7000 rw-p 00000000 00:00 0                                  [heap]
80000000-8ab00000 rw-p 00000000 00:00 0 
8ab00000-d5580000 ---p 00000000 00:00 0 
d5580000-dea80000 rw-p 00000000 00:00 0 
e6a80000-100000000 ---p 00000000 00:00 0 
100000000-100280000 rw-p 00000000 00:00 0 
100280000-140000000 ---p 00000000 00:00 0 
7f40ac000000-7f40ac021000 rw-p 00000000 00:00 0 
7f40ac021000-7f40b0000000 ---p 00000000 00:00 0 
7f40b0000000-7f40b0021000 rw-p 00000000 00:00 0 
7f40b0021000-7f40b4000000 ---p 00000000 00:00 0 
7f40b4000000-7f40b5494000 rw-p 00000000 00:00 0 
7f40b5494000-7f40b8000000 ---p 00000000 00:00 0 
7f40b8000000-7f40b921a000 rw-p 00000000 00:00 0 
7f40b921a000-7f40bc000000 ---p 00000000 00:00 0 
7f40bc000000-7f40bd699000 rw-p 00000000 00:00 0 
7f40bd699000-7f40c0000000 ---p 00000000 00:00 0 
7f40c0000000-7f40c189c000 rw-p 00000000 00:00 0 
7f40c189c000-7f40c4000000 ---p 00000000 00:00 0 
7f40c4000000-7f40c4021000 rw-p 00000000 00:00 0 
7f40c4021000-7f40c8000000 ---p 00000000 00:00 0 
7f40c8000000-7f40c8021000 rw-p 00000000 00:00 0 
7f40c8021000-7f40cc000000 ---p 00000000 00:00 0 
7f40cc000000-7f40cc297000 rw-p 00000000 00:00 0 
7f40cc297000-7f40d0000000 ---p 00000000 00:00 0 
7f40d0000000-7f40d0021000 rw-p 00000000 00:00 0 
7f40d0021000-7f40d4000000 ---p 00000000 00:00 0 
7f40d4000000-7f40d4021000 rw-p 00000000 00:00 0 
7f40d4021000-7f40d8000000 ---p 00000000 00:00 0 
7f40d8000000-7f40d8031000 rw-p 00000000 00:00 0 
7f40d8031000-7f40dc000000 ---p 00000000 00:00 0 
7f40dc000000-7f40dc021000 rw-p 00000000 00:00 0 
7f40dc021000-7f40e0000000 ---p 00000000 00:00 0 
7f40e4000000-7f40e4021000 rw-p 00000000 00:00 0 
7f40e4021000-7f40e8000000 ---p 00000000 00:00 0 
7f40ec000000-7f40ec021000 rw-p 00000000 00:00 0 
7f40ec021000-7f40f0000000 ---p 00000000 00:00 0 
7f40f4000000-7f40f4021000 rw-p 00000000 00:00 0 
7f40f4021000-7f40f8000000 ---p 00000000 00:00 0 
7f40f898e000-7f40f8990000 r--s 00006000 08:05 3552634                    /home/anusha/.m2/repository/com/google/code/findbugs/jsr305/2.0.1/jsr305-2.0.1.jar
7f40f8990000-7f40f8994000 r--s 0002a000 08:05 3551495                    /home/anusha/.m2/repository/commons-io/commons-io/2.4/commons-io-2.4.jar
7f40f8994000-7f40f8997000 r--s 00023000 08:05 3933516                    /home/anusha/.m2/repository/org/apache/maven/shared/maven-shared-utils/3.0.0/maven-shared-utils-3.0.0.jar
7f40f8997000-7f40f89a2000 r--s 00069000 08:05 3552657                    /home/anusha/.m2/repository/org/sonatype/sisu/sisu-guice/2.1.7/sisu-guice-2.1.7-noaop.jar
7f40f89a2000-7f40f89a7000 r--s 00021000 08:05 3552656                    /home/anusha/.m2/repository/org/sonatype/sisu/sisu-inject-bean/1.4.2/sisu-inject-bean-1.4.2.jar
7f40f89a7000-7f40f89ab000 r--s 00033000 08:05 3551497                    /home/anusha/.m2/repository/org/codehaus/plexus/plexus-utils/2.0.4/plexus-utils-2.0.4.jar
7f40f89ab000-7f40f89ad000 r--s 00006000 08:05 4588532                    /home/anusha/.m2/repository/org/apache/maven/plugins/maven-clean-plugin/3.0.0/maven-clean-plugin-3.0.0.jar
7f40f89ad000-7f40f8b2d000 rw-p 00000000 00:00 0 
7f40f8b2d000-7f40f8bad000 ---p 00000000 00:00 0 
7f40f8bad000-7f40f8bb0000 r--s 00023000 08:05 1974288                    /home/anusha/.m2/repository/org/jdom/jdom/1.1/jdom-1.1.jar
7f40f8bb0000-7f40f8bb2000 r--s 00004000 08:05 3670544                    /home/anusha/.m2/repository/org/apache/maven/doxia/doxia-module-xhtml/1.0/doxia-module-xhtml-1.0.jar
7f40f8bb2000-7f40f8bb3000 r--s 00006000 08:05 3670540                    /home/anusha/.m2/repository/org/apache/maven/doxia/doxia-module-xdoc/1.0/doxia-module-xdoc-1.0.jar
7f40f8bb3000-7f40f8bb4000 r--s 00004000 08:05 3670539                    /home/anusha/.m2/repository/org/apache/maven/doxia/doxia-module-fml/1.0/doxia-module-fml-1.0.jar
7f40f8bb4000-7f40f8bb6000 r--s 0000a000 08:05 3670537                    /home/anusha/.m2/repository/org/apache/maven/doxia/doxia-module-apt/1.0/doxia-module-apt-1.0.jar
7f40f8bb6000-7f40f8bc3000 r--s 0007f000 08:05 3552729                    /home/anusha/.m2/repository/commons-collections/commons-collections/3.2/commons-collections-3.2.jar
7f40f8bc3000-7f40f8bc4000 r--s 0000b000 08:05 3670535                    /home/anusha/.m2/repository/org/apache/maven/doxia/doxia-decoration-model/1.0/doxia-decoration-model-1.0.jar
7f40f8bc4000-7f40f8bc6000 r--s 0000e000 08:05 3412426                    /home/anusha/.m2/repository/oro/oro/2.0.8/oro-2.0.8.jar
7f40f8bc6000-7f40f8bca000 r--s 0002f000 08:05 3412425                    /home/anusha/.m2/repository/commons-lang/commons-lang/2.1/commons-lang-2.1.jar
7f40f8bca000-7f40f8bd2000 r--s 00058000 08:05 3412422                    /home/anusha/.m2/repository/org/apache/velocity/velocity/1.5/velocity-1.5.jar
7f40f8bd2000-7f40f8bd3000 r--s 00001000 08:05 3412478                    /home/anusha/.m2/repository/org/codehaus/plexus/plexus-velocity/1.1.7/plexus-velocity-1.1.7.jar
7f40f8bd3000-7f40f8bd4000 r--s 00002000 08:05 3412417                    /home/anusha/.m2/repository/org/codehaus/plexus/plexus-i18n/1.0-beta-7/plexus-i18n-1.0-beta-7.jar
7f40f8bd4000-7f40f8bd7000 r--s 0000b000 08:05 3670533                    /home/anusha/.m2/repository/org/apache/maven/doxia/doxia-core/1.0/doxia-core-1.0.jar
7f40f8bd7000-7f40f8bd9000 r--s 0000a000 08:05 3670531                    /home/anusha/.m2/repository/org/apache/maven/doxia/doxia-site-renderer/1.0/doxia-site-renderer-1.0.jar
7f40f8bd9000-7f40f8bda000 r--s 00002000 08:05 3412475                    /home/anusha/.m2/repository/org/apache/maven/doxia/doxia-sink-api/1.0/doxia-sink-api-1.0.jar
7f40f8bda000-7f40f8bdc000 r--s 00001000 08:05 3932751                    /home/anusha/.m2/repository/org/sonatype/plexus/plexus-build-api/0.0.7/plexus-build-api-0.0.7.jar
7f40f8bdc000-7f40f8be0000 r--s 00035000 08:05 3411970                    /home/anusha/.m2/repository/org/codehaus/plexus/plexus-utils/3.0.10/plexus-utils-3.0.10.jar
7f40f8be0000-7f40f8be4000 r--s 0001d000 08:05 3411969                    /home/anusha/.m2/repository/org/eclipse/aether/aether-util/0.9.0.M2/aether-util-0.9.0.M2.jar
7f40f8be4000-7f40f8be6000 r--s 00000000 08:05 3411967                    /home/anusha/.m2/repository/org/codehaus/plexus/plexus-component-annotations/1.5.5/plexus-component-annotations-1.5.5.jar
7f40f8be6000-7f40f8be9000 r--s 0000c000 08:05 3411963                    /home/anusha/.m2/repository/org/apache/maven/shared/maven-dependency-tree/2.1/maven-dependency-tree-2.1.jar
7f40f8be9000-7f40f8beb000 r--s 0000d000 08:05 3411962                    /home/anusha/.m2/repository/org/codehaus/plexus/plexus-interpolation/1.15/plexus-interpolation-1.15.jar
7f40f8beb000-7f40f8bee000 r--s 0000c000 08:05 3411961                    /home/anusha/.m2/repository/org/codehaus/plexus/plexus-io/2.0.2/plexus-io-2.0.2.jar
7f40f8bee000-7f40f8bf3000 r--s 00029000 08:05 3411958                    /home/anusha/.m2/repository/org/codehaus/plexus/plexus-archiver/2.1/plexus-archiver-2.1.jar
7f40f8bf3000-7f40f8bf5000 r--s 00004000 08:05 3411955                    /home/anusha/.m2/repository/org/apache/maven/maven-archiver/2.5/maven-archiver-2.5.jar
7f40f8bf5000-7f40f8bf7000 r--s 00002000 08:05 3552664                    /home/anusha/.m2/repository/org/sonatype/plexus/plexus-cipher/1.4/plexus-cipher-1.4.jar
7f40f8bf7000-7f40f8bf8000 r--s 00006000 08:05 3552663                    /home/anusha/.m2/repository/org/sonatype/plexus/plexus-sec-dispatcher/1.3/plexus-sec-dispatcher-1.3.jar
7f40f8bf8000-7f40f8c00000 r--s 00049000 08:05 3412396                    /home/anusha/.m2/repository/backport-util-concurrent/backport-util-concurrent/3.1/backport-util-concurrent-3.1.jar
7f40f8c00000-7f40f8c02000 r--s 00002000 08:05 3411948                    /home/anusha/.m2/repository/org/codehaus/plexus/plexus-interactivity-api/1.0-alpha-4/plexus-interactivity-api-1.0-alpha-4.jar
7f40f8c02000-7f40f8c04000 r--s 00009000 08:05 3551719                    /home/anusha/.m2/repository/commons-cli/commons-cli/1.2/commons-cli-1.2.jar
7f40f8c04000-7f40f8c06000 r--s 00009000 08:05 3670693                    /home/anusha/.m2/repository/org/hamcrest/hamcrest-core/1.3/hamcrest-core-1.3.jar
7f40f8c06000-7f40f8c0c000 r--s 00036000 08:05 2887309                    /home/anusha/.m2/repository/junit/junit/4.11/junit-4.11.jar
7f40f8c0c000-7f40f8c0d000 r--s 00002000 08:05 3674407                    /home/anusha/.m2/repository/org/apache/maven/doxia/doxia-logging-api/1.1/doxia-logging-api-1.1.jar
7f40f8c0d000-7f40f8c0e000 r--s 00002000 08:05 3932747                    /home/anusha/.m2/repository/org/apache/maven/reporting/maven-reporting-api/2.2.0/maven-reporting-api-2.2.0.jar
7f40f8c0e000-7f40f8c10000 r--s 00003000 08:05 3670516                    /home/anusha/.m2/repository/org/slf4j/jcl-over-slf4j/1.5.6/jcl-over-slf4j-1.5.6.jar
7f40f8c10000-7f40f8c12000 r--s 00001000 08:05 3670512                    /home/anusha/.m2/repository/org/slf4j/slf4j-jdk14/1.5.6/slf4j-jdk14-1.5.6.jar
7f40f8c12000-7f40f8c20000 r--s 00088000 08:05 3673819                    /home/anusha/.m2/repository/org/osgi/org.osgi.compendium/4.2.0/org.osgi.compendium-4.2.0.jar
7f40f8c20000-7f40f8c22000 r--s 0000f000 08:05 1840683                    /home/anusha/.m2/repository/org/apache/felix/org.apache.felix.utils/1.6.0/org.apache.felix.utils-1.6.0.jar
7f40f8c22000-7f40f8c25000 r--s 00015000 08:05 3673233                    /home/anusha/.m2/repository/org/easymock/easymock/2.5.2/easymock-2.5.2.jar
7f40f8c25000-7f40f8c29000 r--s 00026000 08:05 3411911                    /home/anusha/.m2/repository/org/apache/felix/org.apache.felix.bundlerepository/1.6.6/org.apache.felix.bundlerepository-1.6.6.jar
7f40f8c29000-7f40f8c4e000 r--s 001f1000 08:05 3018890                    /home/anusha/.m2/repository/biz/aQute/bnd/biz.aQute.bndlib/3.0.0/biz.aQute.bndlib-3.0.0.jar
7f40f8c4e000-7f40f8c55000 r--s 0004f000 08:05 3412608                    /home/anusha/.m2/repository/org/osgi/org.osgi.core/4.3.1/org.osgi.core-4.3.1.jar
7f40f8c55000-7f40f8c59000 r--s 00030000 08:05 2631129                    /home/anusha/.m2/repository/org/apache/felix/maven-bundle-plugin/3.0.1/maven-bundle-plugin-3.0.1.jar
7f40f8c59000-7f40f8c5a000 r--s 00002000 08:05 3552625                    /home/anusha/.m2/repository/org/codehaus/plexus/plexus-interactivity-api/1.0-alpha-6/plexus-interactivity-api-1.0-alpha-6.jar
7f40f8c5a000-7f40f8c5c000 r--s 00005000 08:05 4460663                    /home/anusha/.m2/repository/org/apache/maven/wagon/wagon-ssh-common/2.10/wagon-ssh-common-2.10.jar
7f40f8c5c000-7f40f8c60000 r--s 00037000 08:05 3408293                    /home/anusha/.m2/repository/org/codehaus/plexus/plexus-utils/3.0.15/plexus-utils-3.0.15.jar
7f40f8c60000-7f40f8c62000 r--s 00000000 08:05 4460666                    /home/anusha/.m2/repository/com/jcraft/jsch.agentproxy.jsch/0.0.6/jsch.agentproxy.jsch-0.0.6.jar
7f40f8c62000-7f40f8c63000 r--s 00001000 08:05 4460655                    /home/anusha/.m2/repository/com/jcraft/jsch.agentproxy.pageant/0.0.6/jsch.agentproxy.pageant-0.0.6.jar
7f40f8c63000-7f40f8c65000 r--s 00000000 08:05 4460660                    /home/anusha/.m2/repository/com/jcraft/jsch.agentproxy.sshagent/0.0.6/jsch.agentproxy.sshagent-0.0.6.jar
7f40f8c65000-7f40f8c66000 r--s 00001000 08:05 4460664                    /home/anusha/.m2/repository/com/jcraft/jsch.agentproxy.usocket-nc/0.0.6/jsch.agentproxy.usocket-nc-0.0.6.jar
7f40f8c66000-7f40f8c71000 r--s 000d5000 08:05 4460665                    /home/anusha/.m2/repository/net/java/dev/jna/platform/3.4.0/platform-3.4.0.jar
7f40f8c71000-7f40f8c75000 r--s 000f3000 08:05 4460672                    /home/anusha/.m2/repository/net/java/dev/jna/jna/3.4.0/jna-3.4.0.jar
7f40f8c75000-7f40f8c76000 r--s 00001000 08:05 4460661                    /home/anusha/.m2/repository/com/jcraft/jsch.agentproxy.usocket-jna/0.0.6/jsch.agentproxy.usocket-jna-0.0.6.jar
7f40f8c76000-7f40f8c78000 r--s 00001000 08:05 4460670                    /home/anusha/.m2/repository/com/jcraft/jsch.agentproxy.core/0.0.6/jsch.agentproxy.core-0.0.6.jar
7f40f8c78000-7f40f8c79000 r--s 00002000 08:05 4460657                    /home/anusha/.m2/repository/com/jcraft/jsch.agentproxy.connector-factory/0.0.6/jsch.agentproxy.connector-factory-0.0.6.jar
7f40f8c79000-7f40f8c7d000 r--s 0003b000 08:05 4460656                    /home/anusha/.m2/repository/com/jcraft/jsch/0.1.50/jsch-0.1.50.jar
7f40f8c7d000-7f40f8c7f000 r--s 00006000 08:05 3550657                    /home/anusha/.m2/repository/org/apache/maven/wagon/wagon-ssh/2.10/wagon-ssh-2.10.jar
7f40f8c7f000-7f40f8e7f000 rw-p 00000000 00:00 0 
7f40f8e7f000-7f40f8e90000 r-xp 00000000 08:05 9186256                    /usr/lib/jvm/java-8-oracle/jre/lib/amd64/libnio.so
7f40f8e90000-7f40f908f000 ---p 00011000 08:05 9186256                    /usr/lib/jvm/java-8-oracle/jre/lib/amd64/libnio.so
7f40f908f000-7f40f9090000 rw-p 00010000 08:05 9186256                    /usr/lib/jvm/java-8-oracle/jre/lib/amd64/libnio.so
7f40f9090000-7f40f9391000 rw-p 00000000 00:00 0 
7f40f9391000-7f40f93a7000 r-xp 00000000 08:05 9186253                    /usr/lib/jvm/java-8-oracle/jre/lib/amd64/libnet.so
7f40f93a7000-7f40f95a7000 ---p 00016000 08:05 9186253                    /usr/lib/jvm/java-8-oracle/jre/lib/amd64/libnet.so
7f40f95a7000-7f40f95a8000 rw-p 00016000 08:05 9186253                    /usr/lib/jvm/java-8-oracle/jre/lib/amd64/libnet.so
7f40f95a8000-7f40f95ad000 r--s 0009a000 08:05 8919514                    /usr/lib/jvm/java-8-oracle/jre/lib/jsse.jar
7f40f95ad000-7f40f97ad000 rw-p 00000000 00:00 0 
7f40f97ad000-7f40f99ad000 rw-p 00000000 00:00 0 
7f40f99ad000-7f40f9bad000 rw-p 00000000 00:00 0 
7f40f9bad000-7f40f9baf000 r--s 0000a000 08:05 9186754                    /usr/share/java/maven3-plugin-api-3.3.9.jar
7f40f9baf000-7f40f9bb0000 r--s 0000a000 08:05 9186753                    /usr/share/java/maven3-settings-3.3.9.jar
7f40f9bb0000-7f40f9bb1000 r--s 00006000 08:05 9186757                    /usr/share/java/maven3-repository-metadata-3.3.9.jar
7f40f9bb1000-7f40f9bb5000 r--s 00027000 08:05 9186459                    /usr/share/java/commons-io-2.4.jar
7f40f9bb5000-7f40f9bba000 r--s 00040000 08:05 9186461                    /usr/share/java/commons-lang-2.6.jar
7f40f9bba000-7f40f9bbe000 r--s 00027000 08:05 9186604                    /usr/share/java/eclipse-aether-impl.jar
7f40f9bbe000-7f40f9bbf000 r--s 00002000 08:05 9186528                    /usr/share/java/slf4j-simple.jar
7f40f9bbf000-7f40f9bc1000 r--s 00006000 08:05 9186609                    /usr/share/java/eclipse-aether-spi.jar
7f40f9bc1000-7f40f9bc3000 r--s 00000000 08:05 9186724                    /usr/share/java/plexus-component-annotations-1.5.jar
7f40f9bc3000-7f40f9bf4000 r--s 00207000 08:05 9186740                    /usr/share/java/wagon-http-shaded-2.x.jar
7f40f9bf4000-7f40f9c01000 r--s 0008d000 08:05 9186756                    /usr/share/java/maven3-core-3.3.9.jar
7f40f9c01000-7f40f9c07000 r--s 00048000 08:05 9186547                    /usr/share/java/jsoup.jar
7f40f9c07000-7f40f9c15000 r--s 00095000 08:05 9186628                    /usr/share/java/guice.jar
7f40f9c15000-7f40f9c41000 r--s 00208000 08:05 9186551                    /usr/share/java/guava.jar
7f40f9c41000-7f40f9c42000 ---p 00000000 00:00 0 
7f40f9c42000-7f40f9d42000 rw-p 00000000 00:00 0 
7f40f9d42000-7f40f9d45000 ---p 00000000 00:00 0 
7f40f9d45000-7f40f9e43000 rw-p 00000000 00:00 0 
7f40f9e43000-7f40f9e46000 ---p 00000000 00:00 0 
7f40f9e46000-7f40f9f44000 rw-p 00000000 00:00 0 
7f40f9f44000-7f40f9f47000 ---p 00000000 00:00 0 
7f40f9f47000-7f40fa045000 rw-p 00000000 00:00 0 
7f40fa045000-7f40fa048000 ---p 00000000 00:00 0 
7f40fa048000-7f40fa146000 rw-p 00000000 00:00 0 
7f40fa146000-7f40fa149000 ---p 00000000 00:00 0 
7f40fa149000-7f40fa247000 rw-p 00000000 00:00 0 
7f40fa247000-7f40fa24a000 ---p 00000000 00:00 0 
7f40fa24a000-7f40fa348000 rw-p 00000000 00:00 0 
7f40fa348000-7f40fa621000 r--p 00000000 08:05 8657283                    /usr/lib/locale/locale-archive
7f40fa621000-7f40fa624000 ---p 00000000 00:00 0 
7f40fa624000-7f40fa722000 rw-p 00000000 00:00 0 
7f40fa722000-7f40fa725000 ---p 00000000 00:00 0 
7f40fa725000-7f40fa823000 rw-p 00000000 00:00 0 
7f40fa823000-7f40fa824000 ---p 00000000 00:00 0 
7f40fa824000-7f40fc000000 rw-p 00000000 00:00 0 
7f40fc000000-7f40fc021000 rw-p 00000000 00:00 0 
7f40fc021000-7f4100000000 ---p 00000000 00:00 0 
7f4100000000-7f4104000000 rw-p 00000000 00:00 0 
7f4104000000-7f4104021000 rw-p 00000000 00:00 0 
7f4104021000-7f4108000000 ---p 00000000 00:00 0 
7f4108000000-7f4108002000 r--s 00002000 08:05 9186674                    /usr/share/java/plexus-cipher.jar
7f4108002000-7f4108003000 r--s 00001000 08:05 9186743                    /usr/share/java/wagon-http-shared-2.x.jar
7f4108003000-7f410800a000 r--s 00041000 08:05 9186755                    /usr/share/java/maven3-compat-3.3.9.jar
7f410800a000-7f410800d000 r--s 0000a000 08:05 9186764                    /usr/share/java/maven3-artifact-3.3.9.jar
7f410800d000-7f410800f000 r--s 00027000 08:05 9186760                    /usr/share/java/maven3-model-3.3.9.jar
7f410800f000-7f4108011000 r--s 0000a000 08:05 9186447                    /usr/share/java/commons-cli-1.3.1.jar
7f4108011000-7f4108019000 r--s 00054000 08:05 9186732                    /usr/share/java/sisu-inject.jar
7f4108019000-7f410801b000 r--s 00005000 08:05 9186610                    /usr/share/java/eclipse-aether-transport-wagon.jar
7f410801b000-7f41085b1000 rw-p 00000000 00:00 0 
7f41085b1000-7f410878a000 r--s 03d40000 08:05 8919509                    /usr/lib/jvm/java-8-oracle/jre/lib/rt.jar
7f410878a000-7f4109000000 rw-p 00000000 00:00 0 
7f4109000000-7f4109bd0000 rwxp 00000000 00:00 0 
7f4109bd0000-7f4118000000 ---p 00000000 00:00 0 
7f4118000000-7f4118f07000 rw-p 00000000 00:00 0 
7f4118f07000-7f411c000000 ---p 00000000 00:00 0 
7f411c000000-7f411c004000 r--s 00020000 08:05 9186612                    /usr/share/java/eclipse-aether-util.jar
7f411c004000-7f411c006000 r--s 00007000 08:05 9186531                    /usr/share/java/slf4j-api.jar
7f411c006000-7f411c00b000 r--s 00025000 08:05 9186758                    /usr/share/java/maven3-model-builder-3.3.9.jar
7f411c00b000-7f411c00d000 r--s 0000a000 08:05 9186737                    /usr/share/java/wagon-provider-api-2.x.jar
7f411c00d000-7f411c014000 r--s 0002c000 08:05 9186734                    /usr/share/java/sisu-plexus.jar
7f411c014000-7f411c016000 r--s 00001000 08:05 9186763                    /usr/share/java/maven3-builder-support-3.3.9.jar
7f411c016000-7f411c01a000 r--s 00038000 08:05 9186720                    /usr/share/java/plexus-utils2.jar
7f411c01a000-7f411c01c000 r--s 0000d000 08:05 9186761                    /usr/share/java/maven3-aether-provider-3.3.9.jar
7f411c01c000-7f411c41c000 rw-p 00000000 00:00 0 
7f411c41c000-7f411c41d000 ---p 00000000 00:00 0 
7f411c41d000-7f411c51d000 rw-p 00000000 00:00 0 
7f411c51d000-7f411c51e000 ---p 00000000 00:00 0 
7f411c51e000-7f411c61e000 rw-p 00000000 00:00 0 
7f411c61e000-7f411c61f000 ---p 00000000 00:00 0 
7f411c61f000-7f411c71f000 rw-p 00000000 00:00 0 
7f411c71f000-7f411c720000 ---p 00000000 00:00 0 
7f411c720000-7f411c820000 rw-p 00000000 00:00 0 
7f411c820000-7f411c821000 ---p 00000000 00:00 0 
7f411c821000-7f411c921000 rw-p 00000000 00:00 0 
7f411c921000-7f411c922000 ---p 00000000 00:00 0 
7f411c922000-7f411ca22000 rw-p 00000000 00:00 0 
7f411ca22000-7f411ca23000 ---p 00000000 00:00 0 
7f411ca23000-7f411cb23000 rw-p 00000000 00:00 0 
7f411cb23000-7f411cb24000 ---p 00000000 00:00 0 
7f411cb24000-7f411cc7a000 rw-p 00000000 00:00 0 
7f411cc7a000-7f411cecf000 ---p 00000000 00:00 0 
7f411cecf000-7f411cf25000 rw-p 00000000 00:00 0 
7f411cf25000-7f411d179000 ---p 00000000 00:00 0 
7f411d179000-7f411d1c5000 rw-p 00000000 00:00 0 
7f411d1c5000-7f411d2cf000 ---p 00000000 00:00 0 
7f411d2cf000-7f411d300000 rw-p 00000000 00:00 0 
7f411d300000-7f411d690000 ---p 00000000 00:00 0 
7f411d690000-7f411d6aa000 r-xp 00000000 08:05 9186248                    /usr/lib/jvm/java-8-oracle/jre/lib/amd64/libzip.so
7f411d6aa000-7f411d8aa000 ---p 0001a000 08:05 9186248                    /usr/lib/jvm/java-8-oracle/jre/lib/amd64/libzip.so
7f411d8aa000-7f411d8ab000 rw-p 0001a000 08:05 9186248                    /usr/lib/jvm/java-8-oracle/jre/lib/amd64/libzip.so
7f411d8ab000-7f411d8b6000 r-xp 00000000 08:05 9312354                    /lib/x86_64-linux-gnu/libnss_files-2.23.so
7f411d8b6000-7f411dab5000 ---p 0000b000 08:05 9312354                    /lib/x86_64-linux-gnu/libnss_files-2.23.so
7f411dab5000-7f411dab6000 r--p 0000a000 08:05 9312354                    /lib/x86_64-linux-gnu/libnss_files-2.23.so
7f411dab6000-7f411dab7000 rw-p 0000b000 08:05 9312354                    /lib/x86_64-linux-gnu/libnss_files-2.23.so
7f411dab7000-7f411dabd000 rw-p 00000000 00:00 0 
7f411dabd000-7f411dac8000 r-xp 00000000 08:05 9312357                    /lib/x86_64-linux-gnu/libnss_nis-2.23.so
7f411dac8000-7f411dcc7000 ---p 0000b000 08:05 9312357                    /lib/x86_64-linux-gnu/libnss_nis-2.23.so
7f411dcc7000-7f411dcc8000 r--p 0000a000 08:05 9312357                    /lib/x86_64-linux-gnu/libnss_nis-2.23.so
7f411dcc8000-7f411dcc9000 rw-p 0000b000 08:05 9312357                    /lib/x86_64-linux-gnu/libnss_nis-2.23.so
7f411dcc9000-7f411dcdf000 r-xp 00000000 08:05 9312348                    /lib/x86_64-linux-gnu/libnsl-2.23.so
7f411dcdf000-7f411dede000 ---p 00016000 08:05 9312348                    /lib/x86_64-linux-gnu/libnsl-2.23.so
7f411dede000-7f411dedf000 r--p 00015000 08:05 9312348                    /lib/x86_64-linux-gnu/libnsl-2.23.so
7f411dedf000-7f411dee0000 rw-p 00016000 08:05 9312348                    /lib/x86_64-linux-gnu/libnsl-2.23.so
7f411dee0000-7f411dee2000 rw-p 00000000 00:00 0 
7f411dee2000-7f411deea000 r-xp 00000000 08:05 9312363                    /lib/x86_64-linux-gnu/libnss_compat-2.23.so
7f411deea000-7f411e0e9000 ---p 00008000 08:05 9312363                    /lib/x86_64-linux-gnu/libnss_compat-2.23.so
7f411e0e9000-7f411e0ea000 r--p 00007000 08:05 9312363                    /lib/x86_64-linux-gnu/libnss_compat-2.23.so
7f411e0ea000-7f411e0eb000 rw-p 00008000 08:05 9312363                    /lib/x86_64-linux-gnu/libnss_compat-2.23.so
7f411e0eb000-7f411e116000 r-xp 00000000 08:05 9186240                    /usr/lib/jvm/java-8-oracle/jre/lib/amd64/libjava.so
7f411e116000-7f411e315000 ---p 0002b000 08:05 9186240                    /usr/lib/jvm/java-8-oracle/jre/lib/amd64/libjava.so
7f411e315000-7f411e317000 rw-p 0002a000 08:05 9186240                    /usr/lib/jvm/java-8-oracle/jre/lib/amd64/libjava.so
7f411e317000-7f411e324000 r-xp 00000000 08:05 9186247                    /usr/lib/jvm/java-8-oracle/jre/lib/amd64/libverify.so
7f411e324000-7f411e523000 ---p 0000d000 08:05 9186247                    /usr/lib/jvm/java-8-oracle/jre/lib/amd64/libverify.so
7f411e523000-7f411e525000 rw-p 0000c000 08:05 9186247                    /usr/lib/jvm/java-8-oracle/jre/lib/amd64/libverify.so
7f411e525000-7f411e52c000 r-xp 00000000 08:05 9312359                    /lib/x86_64-linux-gnu/librt-2.23.so
7f411e52c000-7f411e72b000 ---p 00007000 08:05 9312359                    /lib/x86_64-linux-gnu/librt-2.23.so
7f411e72b000-7f411e72c000 r--p 00006000 08:05 9312359                    /lib/x86_64-linux-gnu/librt-2.23.so
7f411e72c000-7f411e72d000 rw-p 00007000 08:05 9312359                    /lib/x86_64-linux-gnu/librt-2.23.so
7f411e72d000-7f411e835000 r-xp 00000000 08:05 9312368                    /lib/x86_64-linux-gnu/libm-2.23.so
7f411e835000-7f411ea34000 ---p 00108000 08:05 9312368                    /lib/x86_64-linux-gnu/libm-2.23.so
7f411ea34000-7f411ea35000 r--p 00107000 08:05 9312368                    /lib/x86_64-linux-gnu/libm-2.23.so
7f411ea35000-7f411ea36000 rw-p 00108000 08:05 9312368                    /lib/x86_64-linux-gnu/libm-2.23.so
7f411ea36000-7f411f705000 r-xp 00000000 08:05 9186220                    /usr/lib/jvm/java-8-oracle/jre/lib/amd64/server/libjvm.so
7f411f705000-7f411f905000 ---p 00ccf000 08:05 9186220                    /usr/lib/jvm/java-8-oracle/jre/lib/amd64/server/libjvm.so
7f411f905000-7f411f9de000 rw-p 00ccf000 08:05 9186220                    /usr/lib/jvm/java-8-oracle/jre/lib/amd64/server/libjvm.so
7f411f9de000-7f411fa29000 rw-p 00000000 00:00 0 
7f411fa29000-7f411fbe9000 r-xp 00000000 08:05 9312373                    /lib/x86_64-linux-gnu/libc-2.23.so
7f411fbe9000-7f411fde9000 ---p 001c0000 08:05 9312373                    /lib/x86_64-linux-gnu/libc-2.23.so
7f411fde9000-7f411fded000 r--p 001c0000 08:05 9312373                    /lib/x86_64-linux-gnu/libc-2.23.so
7f411fded000-7f411fdef000 rw-p 001c4000 08:05 9312373                    /lib/x86_64-linux-gnu/libc-2.23.so
7f411fdef000-7f411fdf3000 rw-p 00000000 00:00 0 
7f411fdf3000-7f411fdf6000 r-xp 00000000 08:05 9312362                    /lib/x86_64-linux-gnu/libdl-2.23.so
7f411fdf6000-7f411fff5000 ---p 00003000 08:05 9312362                    /lib/x86_64-linux-gnu/libdl-2.23.so
7f411fff5000-7f411fff6000 r--p 00002000 08:05 9312362                    /lib/x86_64-linux-gnu/libdl-2.23.so
7f411fff6000-7f411fff7000 rw-p 00003000 08:05 9312362                    /lib/x86_64-linux-gnu/libdl-2.23.so
7f411fff7000-7f412000c000 r-xp 00000000 08:05 8918898                    /usr/lib/jvm/java-8-oracle/lib/amd64/jli/libjli.so
7f412000c000-7f412020c000 ---p 00015000 08:05 8918898                    /usr/lib/jvm/java-8-oracle/lib/amd64/jli/libjli.so
7f412020c000-7f412020d000 rw-p 00015000 08:05 8918898                    /usr/lib/jvm/java-8-oracle/lib/amd64/jli/libjli.so
7f412020d000-7f4120225000 r-xp 00000000 08:05 9312356                    /lib/x86_64-linux-gnu/libpthread-2.23.so
7f4120225000-7f4120424000 ---p 00018000 08:05 9312356                    /lib/x86_64-linux-gnu/libpthread-2.23.so
7f4120424000-7f4120425000 r--p 00017000 08:05 9312356                    /lib/x86_64-linux-gnu/libpthread-2.23.so
7f4120425000-7f4120426000 rw-p 00018000 08:05 9312356                    /lib/x86_64-linux-gnu/libpthread-2.23.so
7f4120426000-7f412042a000 rw-p 00000000 00:00 0 
7f412042a000-7f4120450000 r-xp 00000000 08:05 9312349                    /lib/x86_64-linux-gnu/ld-2.23.so
7f4120450000-7f4120451000 r--s 00001000 08:05 9186736                    /usr/share/java/wagon-file-2.x.jar
7f4120451000-7f4120452000 r--s 00006000 08:05 9186676                    /usr/share/java/plexus-sec-dispatcher.jar
7f4120452000-7f4120453000 r--s 00008000 08:05 9186607                    /usr/share/java/eclipse-aether-connector-basic.jar
7f4120453000-7f412045a000 r--s 0005d000 08:05 9186463                    /usr/share/java/commons-lang3.jar
7f412045a000-7f4120526000 rw-p 00000000 00:00 0 
7f4120526000-7f4120529000 ---p 00000000 00:00 0 
7f4120529000-7f412062b000 rw-p 00000000 00:00 0 
7f412062b000-7f4120630000 r--s 0001d000 08:05 9186611                    /usr/share/java/eclipse-aether-api.jar
7f4120630000-7f4120632000 r--s 00001000 08:05 9186623                    /usr/share/java/aopalliance-1.0.jar
7f4120632000-7f4120634000 r--s 0000e000 08:05 9186510                    /usr/share/java/plexus-interpolation.jar
7f4120634000-7f4120637000 r--s 00007000 08:05 9186762                    /usr/share/java/maven3-settings-builder-3.3.9.jar
7f4120637000-7f4120639000 r--s 00013000 08:05 9186759                    /usr/share/java/maven3-embedder-3.3.9.jar
7f4120639000-7f412063a000 r--s 00004000 08:05 9186427                    /usr/share/java/atinject-jsr330-tck-1.0.jar
7f412063a000-7f412063b000 r--s 00000000 08:05 9186433                    /usr/share/java/geronimo-interceptor-3.0-spec-1.0.1.jar
7f412063b000-7f412063d000 r--s 00012000 08:05 9182029                    /usr/share/java/el-api-3.0.jar
7f412063d000-7f412063e000 r--s 00000000 08:05 9186428                    /usr/share/java/atinject-jsr330-api-1.0.jar
7f412063e000-7f4120641000 r--s 00008000 08:05 9186439                    /usr/share/java/cdi-api-1.0.jar
7f4120641000-7f4120643000 r--s 0000a000 08:05 9186718                    /usr/share/java/plexus-classworlds2-2.5.2.jar
7f4120643000-7f412064b000 rw-s 00000000 08:05 10896374                   /tmp/hsperfdata_anusha/10977
7f412064b000-7f412064c000 rw-p 00000000 00:00 0 
7f412064c000-7f412064d000 ---p 00000000 00:00 0 
7f412064d000-7f412064f000 rw-p 00000000 00:00 0 
7f412064f000-7f4120650000 r--p 00025000 08:05 9312349                    /lib/x86_64-linux-gnu/ld-2.23.so
7f4120650000-7f4120651000 rw-p 00026000 08:05 9312349                    /lib/x86_64-linux-gnu/ld-2.23.so
7f4120651000-7f4120652000 rw-p 00000000 00:00 0 
7ffee5851000-7ffee5873000 rw-p 00000000 00:00 0                          [stack]
7ffee5906000-7ffee5908000 r--p 00000000 00:00 0                          [vvar]
7ffee5908000-7ffee590a000 r-xp 00000000 00:00 0                          [vdso]
ffffffffff600000-ffffffffff601000 r-xp 00000000 00:00 0                  [vsyscall]

VM Arguments:
jvm_args: -Xmx2048m -Xms256m -XX:MaxPermSize=312M -Dclassworlds.conf=/usr/share/maven/bin/m2.conf -Dmaven.home=/usr/share/maven -Dmaven.multiModuleProjectDirectory=/home/anusha/WSO2/NLP/msf4j/Hello-Service 
java_command: org.codehaus.plexus.classworlds.launcher.Launcher clean install
java_class_path (initial): /usr/share/maven/boot/plexus-classworlds-2.x.jar
Launcher Type: SUN_STANDARD

Environment Variables:
JAVA_HOME=/usr/lib/jvm/java-8-oracle
PATH=/home/anusha/.local/share/umake/bin:/home/anusha/.local/share/umake/bin:/usr/local/sbin:/usr/local/bin:/usr/sbin:/usr/bin:/sbin:/bin:/usr/games:/usr/local/games:/usr/lib/jvm/java-8-oracle/bin:/home/anusha/WSO2/scala-2.12.2/bin:/snap/bin:/usr/lib/jvm/java-8-oracle/bin:/usr/lib/jvm/java-8-oracle/db/bin:/usr/lib/jvm/java-8-oracle/jre/bin:/snap/bin:/usr/lib/jvm/java-8-oracle/bin:/usr/lib/jvm/java-8-oracle/db/bin:/usr/lib/jvm/java-8-oracle/jre/bin
LD_LIBRARY_PATH=/home/anusha/.local/share/umake/ide/idea-ultimate/bin:/usr/local/lib:/usr/lib
SHELL=/bin/bash
DISPLAY=:0

Signal Handlers:
SIGSEGV: [libjvm.so+0xac8af0], sa_mask[0]=11111111011111111101111111111110, sa_flags=SA_RESTART|SA_SIGINFO
SIGBUS: [libjvm.so+0xac8af0], sa_mask[0]=11111111011111111101111111111110, sa_flags=SA_RESTART|SA_SIGINFO
SIGFPE: [libjvm.so+0x921dd0], sa_mask[0]=11111111011111111101111111111110, sa_flags=SA_RESTART|SA_SIGINFO
SIGPIPE: [libjvm.so+0x921dd0], sa_mask[0]=11111111011111111101111111111110, sa_flags=SA_RESTART|SA_SIGINFO
SIGXFSZ: [libjvm.so+0x921dd0], sa_mask[0]=11111111011111111101111111111110, sa_flags=SA_RESTART|SA_SIGINFO
SIGILL: [libjvm.so+0x921dd0], sa_mask[0]=11111111011111111101111111111110, sa_flags=SA_RESTART|SA_SIGINFO
SIGUSR1: SIG_DFL, sa_mask[0]=00000000000000000000000000000000, sa_flags=none
SIGUSR2: [libjvm.so+0x923610], sa_mask[0]=00100000000000000000000000000000, sa_flags=SA_RESTART|SA_SIGINFO
SIGHUP: [libjvm.so+0x924a10], sa_mask[0]=11111111011111111101111111111110, sa_flags=SA_RESTART|SA_SIGINFO
SIGINT: [libjvm.so+0x924a10], sa_mask[0]=11111111011111111101111111111110, sa_flags=SA_RESTART|SA_SIGINFO
SIGTERM: [libjvm.so+0x924a10], sa_mask[0]=11111111011111111101111111111110, sa_flags=SA_RESTART|SA_SIGINFO
SIGQUIT: [libjvm.so+0x924a10], sa_mask[0]=11111111011111111101111111111110, sa_flags=SA_RESTART|SA_SIGINFO


---------------  S Y S T E M  ---------------

OS:DISTRIB_ID=Ubuntu
DISTRIB_RELEASE=16.04
DISTRIB_CODENAME=xenial
DISTRIB_DESCRIPTION="Ubuntu 16.04.2 LTS"

uname:Linux 4.4.0-83-generic #106-Ubuntu SMP Mon Jun 26 17:54:43 UTC 2017 x86_64
libc:glibc 2.23 NPTL 2.23 
rlimit: STACK 8192k, CORE 0k, NPROC 30530, NOFILE 65536, AS infinity
load average:1.82 0.99 0.74

/proc/meminfo:
MemTotal:        7856420 kB
MemFree:          128988 kB
MemAvailable:      56452 kB
Buffers:           12500 kB
Cached:           568792 kB
SwapCached:            0 kB
Active:          7017160 kB
Inactive:         482396 kB
Active(anon):    6981692 kB
Inactive(anon):   446372 kB
Active(file):      35468 kB
Inactive(file):    36024 kB
Unevictable:          32 kB
Mlocked:              32 kB
SwapTotal:             0 kB
SwapFree:              0 kB
Dirty:              3032 kB
Writeback:             0 kB
AnonPages:       6919940 kB
Mapped:           183844 kB
Shmem:            507904 kB
Slab:             101716 kB
SReclaimable:      53208 kB
SUnreclaim:        48508 kB
KernelStack:       14288 kB
PageTables:        49756 kB
NFS_Unstable:          0 kB
Bounce:                0 kB
WritebackTmp:          0 kB
CommitLimit:     3928208 kB
Committed_AS:   12678252 kB
VmallocTotal:   34359738367 kB
VmallocUsed:           0 kB
VmallocChunk:          0 kB
HardwareCorrupted:     0 kB
AnonHugePages:   2646016 kB
CmaTotal:              0 kB
CmaFree:               0 kB
HugePages_Total:       0
HugePages_Free:        0
HugePages_Rsvd:        0
HugePages_Surp:        0
Hugepagesize:       2048 kB
DirectMap4k:      132428 kB
DirectMap2M:     6885376 kB
DirectMap1G:     2097152 kB


CPU:total 8 (initial active 8) (4 cores per cpu, 2 threads per core) family 6 model 60 stepping 3, cmov, cx8, fxsr, mmx, sse, sse2, sse3, ssse3, sse4.1, sse4.2, popcnt, avx, avx2, aes, clmul, erms, lzcnt, ht, tsc, tscinvbit, bmi1, bmi2

/proc/cpuinfo:
processor	: 0
vendor_id	: GenuineIntel
cpu family	: 6
model		: 60
model name	: Intel(R) Core(TM) i7-4800MQ CPU @ 2.70GHz
stepping	: 3
microcode	: 0x1e
cpu MHz		: 3499.980
cache size	: 6144 KB
physical id	: 0
siblings	: 8
core id		: 0
cpu cores	: 4
apicid		: 0
initial apicid	: 0
fpu		: yes
fpu_exception	: yes
cpuid level	: 13
wp		: yes
flags		: fpu vme de pse tsc msr pae mce cx8 apic sep mtrr pge mca cmov pat pse36 clflush dts acpi mmx fxsr sse sse2 ss ht tm pbe syscall nx pdpe1gb rdtscp lm constant_tsc arch_perfmon pebs bts rep_good nopl xtopology nonstop_tsc aperfmperf eagerfpu pni pclmulqdq dtes64 monitor ds_cpl vmx smx est tm2 ssse3 sdbg fma cx16 xtpr pdcm pcid sse4_1 sse4_2 x2apic movbe popcnt tsc_deadline_timer aes xsave avx f16c rdrand lahf_lm abm epb tpr_shadow vnmi flexpriority ept vpid fsgsbase tsc_adjust bmi1 avx2 smep bmi2 erms invpcid xsaveopt dtherm ida arat pln pts
bugs		:
bogomips	: 5387.62
clflush size	: 64
cache_alignment	: 64
address sizes	: 39 bits physical, 48 bits virtual
power management:

processor	: 1
vendor_id	: GenuineIntel
cpu family	: 6
model		: 60
model name	: Intel(R) Core(TM) i7-4800MQ CPU @ 2.70GHz
stepping	: 3
microcode	: 0x1e
cpu MHz		: 3446.296
cache size	: 6144 KB
physical id	: 0
siblings	: 8
core id		: 0
cpu cores	: 4
apicid		: 1
initial apicid	: 1
fpu		: yes
fpu_exception	: yes
cpuid level	: 13
wp		: yes
flags		: fpu vme de pse tsc msr pae mce cx8 apic sep mtrr pge mca cmov pat pse36 clflush dts acpi mmx fxsr sse sse2 ss ht tm pbe syscall nx pdpe1gb rdtscp lm constant_tsc arch_perfmon pebs bts rep_good nopl xtopology nonstop_tsc aperfmperf eagerfpu pni pclmulqdq dtes64 monitor ds_cpl vmx smx est tm2 ssse3 sdbg fma cx16 xtpr pdcm pcid sse4_1 sse4_2 x2apic movbe popcnt tsc_deadline_timer aes xsave avx f16c rdrand lahf_lm abm epb tpr_shadow vnmi flexpriority ept vpid fsgsbase tsc_adjust bmi1 avx2 smep bmi2 erms invpcid xsaveopt dtherm ida arat pln pts
bugs		:
bogomips	: 5387.62
clflush size	: 64
cache_alignment	: 64
address sizes	: 39 bits physical, 48 bits virtual
power management:

processor	: 2
vendor_id	: GenuineIntel
cpu family	: 6
model		: 60
model name	: Intel(R) Core(TM) i7-4800MQ CPU @ 2.70GHz
stepping	: 3
microcode	: 0x1e
cpu MHz		: 3489.433
cache size	: 6144 KB
physical id	: 0
siblings	: 8
core id		: 1
cpu cores	: 4
apicid		: 2
initial apicid	: 2
fpu		: yes
fpu_exception	: yes
cpuid level	: 13
wp		: yes
flags		: fpu vme de pse tsc msr pae mce cx8 apic sep mtrr pge mca cmov pat pse36 clflush dts acpi mmx fxsr sse sse2 ss ht tm pbe syscall nx pdpe1gb rdtscp lm constant_tsc arch_perfmon pebs bts rep_good nopl xtopology nonstop_tsc aperfmperf eagerfpu pni pclmulqdq dtes64 monitor ds_cpl vmx smx est tm2 ssse3 sdbg fma cx16 xtpr pdcm pcid sse4_1 sse4_2 x2apic movbe popcnt tsc_deadline_timer aes xsave avx f16c rdrand lahf_lm abm epb tpr_shadow vnmi flexpriority ept vpid fsgsbase tsc_adjust bmi1 avx2 smep bmi2 erms invpcid xsaveopt dtherm ida arat pln pts
bugs		:
bogomips	: 5387.62
clflush size	: 64
cache_alignment	: 64
address sizes	: 39 bits physical, 48 bits virtual
power management:

processor	: 3
vendor_id	: GenuineIntel
cpu family	: 6
model		: 60
model name	: Intel(R) Core(TM) i7-4800MQ CPU @ 2.70GHz
stepping	: 3
microcode	: 0x1e
cpu MHz		: 3465.914
cache size	: 6144 KB
physical id	: 0
siblings	: 8
core id		: 1
cpu cores	: 4
apicid		: 3
initial apicid	: 3
fpu		: yes
fpu_exception	: yes
cpuid level	: 13
wp		: yes
flags		: fpu vme de pse tsc msr pae mce cx8 apic sep mtrr pge mca cmov pat pse36 clflush dts acpi mmx fxsr sse sse2 ss ht tm pbe syscall nx pdpe1gb rdtscp lm constant_tsc arch_perfmon pebs bts rep_good nopl xtopology nonstop_tsc aperfmperf eagerfpu pni pclmulqdq dtes64 monitor ds_cpl vmx smx est tm2 ssse3 sdbg fma cx16 xtpr pdcm pcid sse4_1 sse4_2 x2apic movbe popcnt tsc_deadline_timer aes xsave avx f16c rdrand lahf_lm abm epb tpr_shadow vnmi flexpriority ept vpid fsgsbase tsc_adjust bmi1 avx2 smep bmi2 erms invpcid xsaveopt dtherm ida arat pln pts
bugs		:
bogomips	: 5387.62
clflush size	: 64
cache_alignment	: 64
address sizes	: 39 bits physical, 48 bits virtual
power management:

processor	: 4
vendor_id	: GenuineIntel
cpu family	: 6
model		: 60
model name	: Intel(R) Core(TM) i7-4800MQ CPU @ 2.70GHz
stepping	: 3
microcode	: 0x1e
cpu MHz		: 3459.375
cache size	: 6144 KB
physical id	: 0
siblings	: 8
core id		: 2
cpu cores	: 4
apicid		: 4
initial apicid	: 4
fpu		: yes
fpu_exception	: yes
cpuid level	: 13
wp		: yes
flags		: fpu vme de pse tsc msr pae mce cx8 apic sep mtrr pge mca cmov pat pse36 clflush dts acpi mmx fxsr sse sse2 ss ht tm pbe syscall nx pdpe1gb rdtscp lm constant_tsc arch_perfmon pebs bts rep_good nopl xtopology nonstop_tsc aperfmperf eagerfpu pni pclmulqdq dtes64 monitor ds_cpl vmx smx est tm2 ssse3 sdbg fma cx16 xtpr pdcm pcid sse4_1 sse4_2 x2apic movbe popcnt tsc_deadline_timer aes xsave avx f16c rdrand lahf_lm abm epb tpr_shadow vnmi flexpriority ept vpid fsgsbase tsc_adjust bmi1 avx2 smep bmi2 erms invpcid xsaveopt dtherm ida arat pln pts
bugs		:
bogomips	: 5387.62
clflush size	: 64
cache_alignment	: 64
address sizes	: 39 bits physical, 48 bits virtual
power management:

processor	: 5
vendor_id	: GenuineIntel
cpu family	: 6
model		: 60
model name	: Intel(R) Core(TM) i7-4800MQ CPU @ 2.70GHz
stepping	: 3
microcode	: 0x1e
cpu MHz		: 3488.589
cache size	: 6144 KB
physical id	: 0
siblings	: 8
core id		: 2
cpu cores	: 4
apicid		: 5
initial apicid	: 5
fpu		: yes
fpu_exception	: yes
cpuid level	: 13
wp		: yes
flags		: fpu vme de pse tsc msr pae mce cx8 apic sep mtrr pge mca cmov pat pse36 clflush dts acpi mmx fxsr sse sse2 ss ht tm pbe syscall nx pdpe1gb rdtscp lm constant_tsc arch_perfmon pebs bts rep_good nopl xtopology nonstop_tsc aperfmperf eagerfpu pni pclmulqdq dtes64 monitor ds_cpl vmx smx est tm2 ssse3 sdbg fma cx16 xtpr pdcm pcid sse4_1 sse4_2 x2apic movbe popcnt tsc_deadline_timer aes xsave avx f16c rdrand lahf_lm abm epb tpr_shadow vnmi flexpriority ept vpid fsgsbase tsc_adjust bmi1 avx2 smep bmi2 erms invpcid xsaveopt dtherm ida arat pln pts
bugs		:
bogomips	: 5387.62
clflush size	: 64
cache_alignment	: 64
address sizes	: 39 bits physical, 48 bits virtual
power management:

processor	: 6
vendor_id	: GenuineIntel
cpu family	: 6
model		: 60
model name	: Intel(R) Core(TM) i7-4800MQ CPU @ 2.70GHz
stepping	: 3
microcode	: 0x1e
cpu MHz		: 3447.035
cache size	: 6144 KB
physical id	: 0
siblings	: 8
core id		: 3
cpu cores	: 4
apicid		: 6
initial apicid	: 6
fpu		: yes
fpu_exception	: yes
cpuid level	: 13
wp		: yes
flags		: fpu vme de pse tsc msr pae mce cx8 apic sep mtrr pge mca cmov pat pse36 clflush dts acpi mmx fxsr sse sse2 ss ht tm pbe syscall nx pdpe1gb rdtscp lm constant_tsc arch_perfmon pebs bts rep_good nopl xtopology nonstop_tsc aperfmperf eagerfpu pni pclmulqdq dtes64 monitor ds_cpl vmx smx est tm2 ssse3 sdbg fma cx16 xtpr pdcm pcid sse4_1 sse4_2 x2apic movbe popcnt tsc_deadline_timer aes xsave avx f16c rdrand lahf_lm abm epb tpr_shadow vnmi flexpriority ept vpid fsgsbase tsc_adjust bmi1 avx2 smep bmi2 erms invpcid xsaveopt dtherm ida arat pln pts
bugs		:
bogomips	: 5387.62
clflush size	: 64
cache_alignment	: 64
address sizes	: 39 bits physical, 48 bits virtual
power management:

processor	: 7
vendor_id	: GenuineIntel
cpu family	: 6
model		: 60
model name	: Intel(R) Core(TM) i7-4800MQ CPU @ 2.70GHz
stepping	: 3
microcode	: 0x1e
cpu MHz		: 3477.515
cache size	: 6144 KB
physical id	: 0
siblings	: 8
core id		: 3
cpu cores	: 4
apicid		: 7
initial apicid	: 7
fpu		: yes
fpu_exception	: yes
cpuid level	: 13
wp		: yes
flags		: fpu vme de pse tsc msr pae mce cx8 apic sep mtrr pge mca cmov pat pse36 clflush dts acpi mmx fxsr sse sse2 ss ht tm pbe syscall nx pdpe1gb rdtscp lm constant_tsc arch_perfmon pebs bts rep_good nopl xtopology nonstop_tsc aperfmperf eagerfpu pni pclmulqdq dtes64 monitor ds_cpl vmx smx est tm2 ssse3 sdbg fma cx16 xtpr pdcm pcid sse4_1 sse4_2 x2apic movbe popcnt tsc_deadline_timer aes xsave avx f16c rdrand lahf_lm abm epb tpr_shadow vnmi flexpriority ept vpid fsgsbase tsc_adjust bmi1 avx2 smep bmi2 erms invpcid xsaveopt dtherm ida arat pln pts
bugs		:
bogomips	: 5387.62
clflush size	: 64
cache_alignment	: 64
address sizes	: 39 bits physical, 48 bits virtual
power management:



Memory: 4k page, physical 7856420k(128988k free), swap 0k(0k free)

vm_info: Java HotSpot(TM) 64-Bit Server VM (25.131-b11) for linux-amd64 JRE (1.8.0_131-b11), built on Mar 15 2017 01:23:40 by "java_re" with gcc 4.3.0 20080428 (Red Hat 4.3.0-8)

time: Mon Jul  3 13:23:19 2017
elapsed time: 3 seconds (0d 0h 0m 3s)

